2026-01-02 15:28:30 +0000  Initial pipeline context: <IDEDistributionProcessingPipelineContext: 0xadb799800; archive(resolved)="<IDEArchive: 0xadc8b3800>", distributionTask(resolved)="2", distributionDestination(resolved)="1", distributionMethod(resolved)="<IDEDistributionMethodDevelopmentSigned: 0xadff636c0>", team(resolved)="<IDEProvisioningDisambiguatableBasicTeam: 0xadfe94680; teamID='C9X2WT7AA5', teamName='Viktor Pavlyshyn', teamType='Individual', username='viktor.vishyn.369@icloud.com', isFreeProvisioningTeam='0'>">
	Chain (16, self inclusive):
	<IDEDistributionProcessingPipelineContext: 0xadb799800; archive = "<IDEArchive: 0xadc8b3800>", distributionMethod="<IDEDistributionMethodDevelopmentSigned: 0xadff636c0>", team="<IDEProvisioningDisambiguatableBasicTeam: 0xadfe94680; teamID='C9X2WT7AA5', teamName='Viktor Pavlyshyn', teamType='Individual', username='viktor.vishyn.369@icloud.com', isFreeProvisioningTeam='0'>">
	<IDEDistributionProcessingPipelineContext: 0xadb799b00; archive = "<IDEArchive: 0xadc8b3800>", distributionMethod="<IDEDistributionMethodDevelopmentSigned: 0xadff636c0>", team="<IDEProvisioningDisambiguatableBasicTeam: 0xadfe94680; teamID='C9X2WT7AA5', teamName='Viktor Pavlyshyn', teamType='Individual', username='viktor.vishyn.369@icloud.com', isFreeProvisioningTeam='0'>">
	<IDEDistributionContext: 0xae92f5900; archive = "<IDEArchive: 0xadc8b3800>", distributionMethod="<IDEDistributionMethodDevelopmentSigned: 0xadff636c0>", team="<IDEProvisioningDisambiguatableBasicTeam: 0xadfe94680; teamID='C9X2WT7AA5', teamName='Viktor Pavlyshyn', teamType='Individual', username='viktor.vishyn.369@icloud.com', isFreeProvisioningTeam='0'>">
	<IDEDistributionContext: 0xaede4c280; archive = "<IDEArchive: 0xadc8b3800>", distributionMethod="<IDEDistributionMethodDevelopmentSigned: 0xadff636c0>", team="<IDEProvisioningDisambiguatableBasicTeam: 0xadfe94680; teamID='C9X2WT7AA5', teamName='Viktor Pavlyshyn', teamType='Individual', username='viktor.vishyn.369@icloud.com', isFreeProvisioningTeam='0'>">
	<IDEDistributionContext: 0xaede4de00; archive = "<IDEArchive: 0xadc8b3800>", distributionMethod="<IDEDistributionMethodDevelopmentSigned: 0xadff636c0>", team="<IDEProvisioningDisambiguatableBasicTeam: 0xadfe94680; teamID='C9X2WT7AA5', teamName='Viktor Pavlyshyn', teamType='Individual', username='viktor.vishyn.369@icloud.com', isFreeProvisioningTeam='0'>">
	<IDEDistributionContext: 0xaede4db80; archive = "<IDEArchive: 0xadc8b3800>", distributionMethod="<IDEDistributionMethodDevelopmentSigned: 0xadff636c0>", team="<IDEProvisioningDisambiguatableBasicTeam: 0xadfe94680; teamID='C9X2WT7AA5', teamName='Viktor Pavlyshyn', teamType='Individual', username='viktor.vishyn.369@icloud.com', isFreeProvisioningTeam='0'>">
	<IDEDistributionContext: 0xaede4f980; archive = "<IDEArchive: 0xadc8b3800>", distributionMethod="<IDEDistributionMethodDevelopmentSigned: 0xadff636c0>", team="<IDEProvisioningDisambiguatableBasicTeam: 0xadfe94680; teamID='C9X2WT7AA5', teamName='Viktor Pavlyshyn', teamType='Individual', username='viktor.vishyn.369@icloud.com', isFreeProvisioningTeam='0'>">
	<IDEDistributionContext: 0xaede4e580; archive = "<IDEArchive: 0xadc8b3800>", distributionMethod="<IDEDistributionMethodDevelopmentSigned: 0xadff636c0>", team="<IDEProvisioningDisambiguatableBasicTeam: 0xadfe94680; teamID='C9X2WT7AA5', teamName='Viktor Pavlyshyn', teamType='Individual', username='viktor.vishyn.369@icloud.com', isFreeProvisioningTeam='0'>">
	<IDEDistributionContext: 0xaede4fc00; archive = "<IDEArchive: 0xadc8b3800>", distributionMethod="<IDEDistributionMethodDevelopmentSigned: 0xadff636c0>", team="<IDEProvisioningDisambiguatableBasicTeam: 0xadfe94680; teamID='C9X2WT7AA5', teamName='Viktor Pavlyshyn', teamType='Individual', username='viktor.vishyn.369@icloud.com', isFreeProvisioningTeam='0'>">
	<IDEDistributionContext: 0xaede4e300; archive = "<IDEArchive: 0xadc8b3800>", distributionMethod="<IDEDistributionMethodDevelopmentSigned: 0xadff636c0>", team="(null)">
	<IDEDistributionContext: 0xaede4ef80; archive = "<IDEArchive: 0xadc8b3800>", distributionMethod="<IDEDistributionMethodDevelopmentSigned: 0xadff636c0>", team="(null)">
	<IDEDistributionContext: 0xaede4c500; archive = "<IDEArchive: 0xadc8b3800>", distributionMethod="<IDEDistributionMethodDevelopmentSigned: 0xadff636c0>", team="(null)">
	<IDEDistributionContext: 0xaede4c780; archive = "<IDEArchive: 0xadc8b3800>", distributionMethod="<IDEDistributionMethodDevelopmentSigned: 0xadff636c0>", team="(null)">
	<IDEDistributionContext: 0xaede4cc80; archive = "<IDEArchive: 0xadc8b3800>", distributionMethod="(null)", team="(null)">
	<IDEDistributionContext: 0xae92db200; archive = "<IDEArchive: 0xadc8b3800>", distributionMethod="(null)", team="(null)">
	<IDEDistributionContext: 0xae92daf80; archive = "<IDEArchive: 0xadc8b3800>", distributionMethod="(null)", team="(null)">
</IDEDistributionProcessingPipelineContext: 0xadb799800>
2026-01-02 15:28:30 +0000  Processing step: IDEDistributionCreateDestRootStep
2026-01-02 15:28:30 +0000  Processing step: IDEDistributionCopyItemStep
2026-01-02 15:28:30 +0000  Running /usr/bin/ditto '-V' '/Users/vishyn369/Library/Developer/Xcode/Archives/2026-01-02/PhotoLynk 02.01.2026, 17.09.xcarchive/Products/Applications/PhotoLynk.app' '/var/folders/4p/1y935pl170xdkdgl_5ytmwp40000gn/T/XcodeDistPipeline.~~~6vUBCt/Root/Payload/PhotoLynk.app'
2026-01-02 15:28:30 +0000  >>> Copying /Users/vishyn369/Library/Developer/Xcode/Archives/2026-01-02/PhotoLynk 02.01.2026, 17.09.xcarchive/Products/Applications/PhotoLynk.app 
2026-01-02 15:28:30 +0000  copying file ./_CodeSignature/CodeResources ... 
2026-01-02 15:28:30 +0000  20533 bytes for ./_CodeSignature/CodeResources
2026-01-02 15:28:30 +0000  copying file ./SplashScreen.storyboardc/EXPO-VIEWCONTROLLER-1-view-EXPO-ContainerView.nib ... 
2026-01-02 15:28:30 +0000  2193 bytes for ./SplashScreen.storyboardc/EXPO-VIEWCONTROLLER-1-view-EXPO-ContainerView.nib
2026-01-02 15:28:30 +0000  copying file ./SplashScreen.storyboardc/SplashScreenViewController.nib ... 
2026-01-02 15:28:30 +0000  1004 bytes for ./SplashScreen.storyboardc/SplashScreenViewController.nib
2026-01-02 15:28:30 +0000  copying file ./SplashScreen.storyboardc/Info.plist ... 
2026-01-02 15:28:30 +0000  225 bytes for ./SplashScreen.storyboardc/Info.plist
2026-01-02 15:28:30 +0000  copying file ./glog_privacy.bundle/Info.plist ... 
2026-01-02 15:28:30 +0000  768 bytes for ./glog_privacy.bundle/Info.plist
2026-01-02 15:28:30 +0000  copying file ./AppIcon60x60@2x.png ... 
2026-01-02 15:28:30 +0000  23734 bytes for ./AppIcon60x60@2x.png
2026-01-02 15:28:30 +0000  copying file ./ExpoConstants_privacy.bundle/PrivacyInfo.xcprivacy ... 
2026-01-02 15:28:30 +0000  607 bytes for ./ExpoConstants_privacy.bundle/PrivacyInfo.xcprivacy
2026-01-02 15:28:30 +0000  copying file ./ExpoConstants_privacy.bundle/Info.plist ... 
2026-01-02 15:28:30 +0000  789 bytes for ./ExpoConstants_privacy.bundle/Info.plist
2026-01-02 15:28:30 +0000  copying file ./React-cxxreact_privacy.bundle/PrivacyInfo.xcprivacy ... 
2026-01-02 15:28:30 +0000  552 bytes for ./React-cxxreact_privacy.bundle/PrivacyInfo.xcprivacy
2026-01-02 15:28:30 +0000  copying file ./React-cxxreact_privacy.bundle/Info.plist ... 
2026-01-02 15:28:30 +0000  791 bytes for ./React-cxxreact_privacy.bundle/Info.plist
2026-01-02 15:28:30 +0000  copying file ./RevenueCat.bundle/PrivacyInfo.xcprivacy ... 
2026-01-02 15:28:30 +0000  945 bytes for ./RevenueCat.bundle/PrivacyInfo.xcprivacy
2026-01-02 15:28:30 +0000  copying file ./RevenueCat.bundle/Info.plist ... 
2026-01-02 15:28:30 +0000  765 bytes for ./RevenueCat.bundle/Info.plist
2026-01-02 15:28:30 +0000  copying file ./ExpoApplication_privacy.bundle/PrivacyInfo.xcprivacy ... 
2026-01-02 15:28:30 +0000  608 bytes for ./ExpoApplication_privacy.bundle/PrivacyInfo.xcprivacy
2026-01-02 15:28:30 +0000  copying file ./ExpoApplication_privacy.bundle/Info.plist ... 
2026-01-02 15:28:30 +0000  792 bytes for ./ExpoApplication_privacy.bundle/Info.plist
2026-01-02 15:28:30 +0000  copying file ./RCT-Folly_privacy.bundle/Info.plist ... 
2026-01-02 15:28:30 +0000  785 bytes for ./RCT-Folly_privacy.bundle/Info.plist
2026-01-02 15:28:30 +0000  copying file ./Assets.car ... 
2026-01-02 15:28:30 +0000  1160904 bytes for ./Assets.car
copying file ./AppIcon76x76@2x~ipad.png ... 
2026-01-02 15:28:30 +0000  35960 bytes for ./AppIcon76x76@2x~ipad.png
copying file ./main.jsbundle ... 
2026-01-02 15:28:30 +0000  3680803 bytes for ./main.jsbundle
2026-01-02 15:28:30 +0000  copying file ./EXConstants.bundle/app.config ... 
2026-01-02 15:28:30 +0000  2490 bytes for ./EXConstants.bundle/app.config
2026-01-02 15:28:30 +0000  copying file ./EXConstants.bundle/Info.plist ... 
2026-01-02 15:28:30 +0000  767 bytes for ./EXConstants.bundle/Info.plist
2026-01-02 15:28:30 +0000  copying file ./SDWebImage.bundle/PrivacyInfo.xcprivacy ... 
2026-01-02 15:28:30 +0000  599 bytes for ./SDWebImage.bundle/PrivacyInfo.xcprivacy
2026-01-02 15:28:30 +0000  copying file ./SDWebImage.bundle/Info.plist ... 
2026-01-02 15:28:30 +0000  764 bytes for ./SDWebImage.bundle/Info.plist
2026-01-02 15:28:30 +0000  copying file ./ExpoTaskManager_privacy.bundle/PrivacyInfo.xcprivacy ... 
2026-01-02 15:28:30 +0000  607 bytes for ./ExpoTaskManager_privacy.bundle/PrivacyInfo.xcprivacy
2026-01-02 15:28:30 +0000  copying file ./ExpoTaskManager_privacy.bundle/Info.plist ... 
2026-01-02 15:28:30 +0000  793 bytes for ./ExpoTaskManager_privacy.bundle/Info.plist
2026-01-02 15:28:30 +0000  copying file ./ExpoDevice_privacy.bundle/PrivacyInfo.xcprivacy ... 
2026-01-02 15:28:30 +0000  609 bytes for ./ExpoDevice_privacy.bundle/PrivacyInfo.xcprivacy
2026-01-02 15:28:30 +0000  copying file ./ExpoDevice_privacy.bundle/Info.plist ... 
2026-01-02 15:28:30 +0000  782 bytes for ./ExpoDevice_privacy.bundle/Info.plist
2026-01-02 15:28:30 +0000  copying file ./PrivacyInfo.xcprivacy ... 
2026-01-02 15:28:30 +0000  1283 bytes for ./PrivacyInfo.xcprivacy
2026-01-02 15:28:30 +0000  copying file ./ExpoMediaLibrary_privacy.bundle/PrivacyInfo.xcprivacy ... 
2026-01-02 15:28:30 +0000  608 bytes for ./ExpoMediaLibrary_privacy.bundle/PrivacyInfo.xcprivacy
2026-01-02 15:28:30 +0000  copying file ./ExpoMediaLibrary_privacy.bundle/Info.plist ... 
2026-01-02 15:28:30 +0000  795 bytes for ./ExpoMediaLibrary_privacy.bundle/Info.plist
2026-01-02 15:28:30 +0000  copying file ./ExpoFileSystem_privacy.bundle/PrivacyInfo.xcprivacy ... 
2026-01-02 15:28:30 +0000  877 bytes for ./ExpoFileSystem_privacy.bundle/PrivacyInfo.xcprivacy
2026-01-02 15:28:30 +0000  copying file ./ExpoFileSystem_privacy.bundle/Info.plist ... 
2026-01-02 15:28:30 +0000  792 bytes for ./ExpoFileSystem_privacy.bundle/Info.plist
2026-01-02 15:28:30 +0000  copying file ./boost_privacy.bundle/Info.plist ... 
2026-01-02 15:28:30 +0000  771 bytes for ./boost_privacy.bundle/Info.plist
2026-01-02 15:28:30 +0000  copying file ./PurchasesHybridCommon.bundle/PrivacyInfo.xcprivacy ... 
2026-01-02 15:28:30 +0000  551 bytes for ./PurchasesHybridCommon.bundle/PrivacyInfo.xcprivacy
2026-01-02 15:28:30 +0000  copying file ./PurchasesHybridCommon.bundle/Info.plist ... 
2026-01-02 15:28:30 +0000  790 bytes for ./PurchasesHybridCommon.bundle/Info.plist
2026-01-02 15:28:30 +0000  copying file ./Frameworks/hermes.framework/_CodeSignature/CodeResources ... 
2026-01-02 15:28:30 +0000  1798 bytes for ./Frameworks/hermes.framework/_CodeSignature/CodeResources
2026-01-02 15:28:30 +0000  copying file ./Frameworks/hermes.framework/hermes ... 
2026-01-02 15:28:30 +0000  4590144 bytes for ./Frameworks/hermes.framework/hermes
2026-01-02 15:28:30 +0000  copying file ./Frameworks/hermes.framework/Info.plist ... 
2026-01-02 15:28:30 +0000  859 bytes for ./Frameworks/hermes.framework/Info.plist
copying file ./embedded.mobileprovision ... 
2026-01-02 15:28:30 +0000  12499 bytes for ./embedded.mobileprovision
2026-01-02 15:28:30 +0000  copying file ./ReactNativeBlobUtilPrivacyInfo.bundle/PrivacyInfo.xcprivacy ... 
2026-01-02 15:28:30 +0000  753 bytes for ./ReactNativeBlobUtilPrivacyInfo.bundle/PrivacyInfo.xcprivacy
2026-01-02 15:28:30 +0000  copying file ./ReactNativeBlobUtilPrivacyInfo.bundle/Info.plist ... 
2026-01-02 15:28:30 +0000  807 bytes for ./ReactNativeBlobUtilPrivacyInfo.bundle/Info.plist
2026-01-02 15:28:30 +0000  copying file ./assets/node_modules/@expo/vector-icons/build/vendor/react-native-vector-icons/Fonts/Fontisto.ttf ... 
2026-01-02 15:28:30 +0000  313528 bytes for ./assets/node_modules/@expo/vector-icons/build/vendor/react-native-vector-icons/Fonts/Fontisto.ttf
2026-01-02 15:28:30 +0000  copying file ./assets/node_modules/@expo/vector-icons/build/vendor/react-native-vector-icons/Fonts/Octicons.ttf ... 
2026-01-02 15:28:30 +0000  49404 bytes for ./assets/node_modules/@expo/vector-icons/build/vendor/react-native-vector-icons/Fonts/Octicons.ttf
2026-01-02 15:28:30 +0000  copying file ./assets/node_modules/@expo/vector-icons/build/vendor/react-native-vector-icons/Fonts/Feather.ttf ... 
2026-01-02 15:28:30 +0000  56228 bytes for ./assets/node_modules/@expo/vector-icons/build/vendor/react-native-vector-icons/Fonts/Feather.ttf
2026-01-02 15:28:30 +0000  copying file ./assets/node_modules/@expo/vector-icons/build/vendor/react-native-vector-icons/Fonts/FontAwesome6_Regular.ttf ... 
2026-01-02 15:28:30 +0000  67976 bytes for ./assets/node_modules/@expo/vector-icons/build/vendor/react-native-vector-icons/Fonts/FontAwesome6_Regular.ttf
2026-01-02 15:28:30 +0000  copying file ./assets/node_modules/@expo/vector-icons/build/vendor/react-native-vector-icons/Fonts/Entypo.ttf ... 
2026-01-02 15:28:30 +0000  66200 bytes for ./assets/node_modules/@expo/vector-icons/build/vendor/react-native-vector-icons/Fonts/Entypo.ttf
2026-01-02 15:28:30 +0000  copying file ./assets/node_modules/@expo/vector-icons/build/vendor/react-native-vector-icons/Fonts/FontAwesome5_Brands.ttf ... 
2026-01-02 15:28:30 +0000  134040 bytes for ./assets/node_modules/@expo/vector-icons/build/vendor/react-native-vector-icons/Fonts/FontAwesome5_Brands.ttf
2026-01-02 15:28:30 +0000  copying file ./assets/node_modules/@expo/vector-icons/build/vendor/react-native-vector-icons/Fonts/MaterialCommunityIcons.ttf ... 
2026-01-02 15:28:30 +0000  1147844 bytes for ./assets/node_modules/@expo/vector-icons/build/vendor/react-native-vector-icons/Fonts/MaterialCommunityIcons.ttf
2026-01-02 15:28:30 +0000  copying file ./assets/node_modules/@expo/vector-icons/build/vendor/react-native-vector-icons/Fonts/AntDesign.ttf ... 
2026-01-02 15:28:30 +0000  70344 bytes for ./assets/node_modules/@expo/vector-icons/build/vendor/react-native-vector-icons/Fonts/AntDesign.ttf
2026-01-02 15:28:30 +0000  copying file ./assets/node_modules/@expo/vector-icons/build/vendor/react-native-vector-icons/Fonts/Foundation.ttf ... 
2026-01-02 15:28:30 +0000  56976 bytes for ./assets/node_modules/@expo/vector-icons/build/vendor/react-native-vector-icons/Fonts/Foundation.ttf
2026-01-02 15:28:30 +0000  copying file ./assets/node_modules/@expo/vector-icons/build/vendor/react-native-vector-icons/Fonts/Ionicons.ttf ... 
2026-01-02 15:28:30 +0000  442604 bytes for ./assets/node_modules/@expo/vector-icons/build/vendor/react-native-vector-icons/Fonts/Ionicons.ttf
2026-01-02 15:28:30 +0000  copying file ./assets/node_modules/@expo/vector-icons/build/vendor/react-native-vector-icons/Fonts/FontAwesome5_Solid.ttf ... 
2026-01-02 15:28:30 +0000  202744 bytes for ./assets/node_modules/@expo/vector-icons/build/vendor/react-native-vector-icons/Fonts/FontAwesome5_Solid.ttf
2026-01-02 15:28:30 +0000  copying file ./assets/node_modules/@expo/vector-icons/build/vendor/react-native-vector-icons/Fonts/FontAwesome5_Regular.ttf ... 
2026-01-02 15:28:30 +0000  33736 bytes for ./assets/node_modules/@expo/vector-icons/build/vendor/react-native-vector-icons/Fonts/FontAwesome5_Regular.ttf
2026-01-02 15:28:30 +0000  copying file ./assets/node_modules/@expo/vector-icons/build/vendor/react-native-vector-icons/Fonts/FontAwesome.ttf ... 
2026-01-02 15:28:30 +0000  165548 bytes for ./assets/node_modules/@expo/vector-icons/build/vendor/react-native-vector-icons/Fonts/FontAwesome.ttf
2026-01-02 15:28:30 +0000  copying file ./assets/node_modules/@expo/vector-icons/build/vendor/react-native-vector-icons/Fonts/Zocial.ttf ... 
2026-01-02 15:28:30 +0000  25788 bytes for ./assets/node_modules/@expo/vector-icons/build/vendor/react-native-vector-icons/Fonts/Zocial.ttf
2026-01-02 15:28:30 +0000  copying file ./assets/node_modules/@expo/vector-icons/build/vendor/react-native-vector-icons/Fonts/EvilIcons.ttf ... 
2026-01-02 15:28:30 +0000  13456 bytes for ./assets/node_modules/@expo/vector-icons/build/vendor/react-native-vector-icons/Fonts/EvilIcons.ttf
2026-01-02 15:28:30 +0000  copying file ./assets/node_modules/@expo/vector-icons/build/vendor/react-native-vector-icons/Fonts/FontAwesome6_Solid.ttf ... 
2026-01-02 15:28:30 +0000  423676 bytes for ./assets/node_modules/@expo/vector-icons/build/vendor/react-native-vector-icons/Fonts/FontAwesome6_Solid.ttf
2026-01-02 15:28:30 +0000  copying file ./assets/node_modules/@expo/vector-icons/build/vendor/react-native-vector-icons/Fonts/SimpleLineIcons.ttf ... 
2026-01-02 15:28:30 +0000  54056 bytes for ./assets/node_modules/@expo/vector-icons/build/vendor/react-native-vector-icons/Fonts/SimpleLineIcons.ttf
2026-01-02 15:28:30 +0000  copying file ./assets/node_modules/@expo/vector-icons/build/vendor/react-native-vector-icons/Fonts/FontAwesome6_Brands.ttf ... 
2026-01-02 15:28:30 +0000  209376 bytes for ./assets/node_modules/@expo/vector-icons/build/vendor/react-native-vector-icons/Fonts/FontAwesome6_Brands.ttf
2026-01-02 15:28:30 +0000  copying file ./assets/node_modules/@expo/vector-icons/build/vendor/react-native-vector-icons/Fonts/MaterialIcons.ttf ... 
2026-01-02 15:28:30 +0000  356840 bytes for ./assets/node_modules/@expo/vector-icons/build/vendor/react-native-vector-icons/Fonts/MaterialIcons.ttf
2026-01-02 15:28:30 +0000  copying file ./assets/assets/splash-icon.png ... 
2026-01-02 15:28:30 +0000  695355 bytes for ./assets/assets/splash-icon.png
2026-01-02 15:28:30 +0000  copying file ./PhotoLynk ... 
2026-01-02 15:28:30 +0000  13181712 bytes for ./PhotoLynk
2026-01-02 15:28:30 +0000  copying file ./Info.plist ... 
2406 bytes for ./Info.plist
copying file ./Expo.plist ... 
2026-01-02 15:28:30 +0000  132 bytes for ./Expo.plist
2026-01-02 15:28:30 +0000  copying file ./PkgInfo ... 
2026-01-02 15:28:30 +0000  8 bytes for ./PkgInfo
2026-01-02 15:28:30 +0000  copying file ./React-Core_privacy.bundle/PrivacyInfo.xcprivacy ... 
2026-01-02 15:28:30 +0000  768 bytes for ./React-Core_privacy.bundle/PrivacyInfo.xcprivacy
2026-01-02 15:28:30 +0000  copying file ./React-Core_privacy.bundle/Info.plist ... 
2026-01-02 15:28:30 +0000  783 bytes for ./React-Core_privacy.bundle/Info.plist
2026-01-02 15:28:30 +0000  /usr/bin/ditto exited with 0
2026-01-02 15:28:30 +0000  Processing step: IDEDistributionEmbedProfileStep
2026-01-02 15:28:30 +0000  Skipping profile for item: <IDEDistributionItem: 0xaeb334cc0; bundleID='dev.hermesengine.iphoneos', path='<DVTFilePath:0xae0dc9490:'/Users/vishyn369/Library/Developer/Xcode/Archives/2026-01-02/PhotoLynk 02.01.2026, 17.09.xcarchive/Products/Applications/PhotoLynk.app/Frameworks/hermes.framework'>', codeSigningInfo='<_DVTCodeSigningInformation_Path: 0xaeb334960; isSigned='1', isAdHocSigned='0', signingCertificate='<DVTSigningCertificate: 0xabe0ae340; name='Apple Development: Viktor Pavlyshyn (A2492JDBF6)', hash='1E701C24A0718C3FF4A5C44C85DB963543C267D2', serialNumber='742692D903CEF0449D46A237DD58B90E', certificateKinds='(
    "1.2.840.113635.100.6.1.12",
    "1.2.840.113635.100.6.1.2"
), issueDate='2025-07-05 07:36:55 +0000''>', entitlements='(null)', teamID='C9X2WT7AA5', identifier='dev.hermesengine.iphoneos', executablePath='<DVTFilePath:0xaeab9fb40:'/Users/vishyn369/Library/Developer/Xcode/Archives/2026-01-02/PhotoLynk 02.01.2026, 17.09.xcarchive/Products/Applications/PhotoLynk.app/Frameworks/hermes.framework/hermes'>', hardenedRuntime='0'>'>
2026-01-02 15:28:30 +0000  Processing step: IDEDistributionInfoPlistStep
2026-01-02 15:28:30 +0000  Skipping step: IDEDistributionInfoPlistStep because it said so
2026-01-02 15:28:30 +0000  Skipping step: IDEDistributionInfoPlistStep because it said so
2026-01-02 15:28:30 +0000  Processing step: IDEDistributionAppThinningPlistStep
2026-01-02 15:28:30 +0000  Skipping step: IDEDistributionAppThinningPlistStep because it said so
2026-01-02 15:28:30 +0000  Processing step: IDEDistributionSymbolsStep
2026-01-02 15:28:30 +0000  Skipping step: IDEDistributionSymbolsStep because it said so
2026-01-02 15:28:30 +0000  Processing step: IDEDistributionAppThinningStep
2026-01-02 15:28:30 +0000  Skipping step: IDEDistributionAppThinningStep because it said so
2026-01-02 15:28:30 +0000  Processing step: IDEDistributionArchThinningStep
2026-01-02 15:28:30 +0000  Archs to thin for item /Users/vishyn369/Library/Developer/Xcode/Archives/2026-01-02/PhotoLynk 02.01.2026, 17.09.xcarchive/Products/Applications/PhotoLynk.app/Frameworks/hermes.framework are []
2026-01-02 15:28:30 +0000  Archs to thin for item /Users/vishyn369/Library/Developer/Xcode/Archives/2026-01-02/PhotoLynk 02.01.2026, 17.09.xcarchive/Products/Applications/PhotoLynk.app are []
2026-01-02 15:28:30 +0000  Processing step: IDEDistributionODRStep
2026-01-02 15:28:30 +0000  Processing step: IDEDistributionStripXattrsStep
2026-01-02 15:28:30 +0000  Skipping stripping extended attributes because the codesign step will strip them.
2026-01-02 15:28:30 +0000  Skipping stripping extended attributes because the codesign step will strip them.
2026-01-02 15:28:30 +0000  Processing step: IDEDistributionCodesignStep
2026-01-02 15:28:30 +0000  Entitlements for <IDEDistributionItem: 0xaeb334cc0; bundleID='dev.hermesengine.iphoneos', path='<DVTFilePath:0xae0dc9490:'/Users/vishyn369/Library/Developer/Xcode/Archives/2026-01-02/PhotoLynk 02.01.2026, 17.09.xcarchive/Products/Applications/PhotoLynk.app/Frameworks/hermes.framework'>', codeSigningInfo='<_DVTCodeSigningInformation_Path: 0xaeb334960; isSigned='1', isAdHocSigned='0', signingCertificate='<DVTSigningCertificate: 0xabe0ae340; name='Apple Development: Viktor Pavlyshyn (A2492JDBF6)', hash='1E701C24A0718C3FF4A5C44C85DB963543C267D2', serialNumber='742692D903CEF0449D46A237DD58B90E', certificateKinds='(
    "1.2.840.113635.100.6.1.12",
    "1.2.840.113635.100.6.1.2"
), issueDate='2025-07-05 07:36:55 +0000''>', entitlements='(null)', teamID='C9X2WT7AA5', identifier='dev.hermesengine.iphoneos', executablePath='<DVTFilePath:0xaeab9fb40:'/Users/vishyn369/Library/Developer/Xcode/Archives/2026-01-02/PhotoLynk 02.01.2026, 17.09.xcarchive/Products/Applications/PhotoLynk.app/Frameworks/hermes.framework/hermes'>', hardenedRuntime='0'>'>: {
}
2026-01-02 15:28:30 +0000  Associated App Clip Identifiers Filter: Skipping because "com.apple.developer.associated-appclip-app-identifiers" is not present
2026-01-02 15:28:30 +0000  Entitlements for <IDEDistributionItem: 0xaeb334cc0; bundleID='dev.hermesengine.iphoneos', path='<DVTFilePath:0xae0dc9490:'/Users/vishyn369/Library/Developer/Xcode/Archives/2026-01-02/PhotoLynk 02.01.2026, 17.09.xcarchive/Products/Applications/PhotoLynk.app/Frameworks/hermes.framework'>', codeSigningInfo='<_DVTCodeSigningInformation_Path: 0xaeb334960; isSigned='1', isAdHocSigned='0', signingCertificate='<DVTSigningCertificate: 0xabe0ade00; name='Apple Development: Viktor Pavlyshyn (A2492JDBF6)', hash='1E701C24A0718C3FF4A5C44C85DB963543C267D2', serialNumber='742692D903CEF0449D46A237DD58B90E', certificateKinds='(
    "1.2.840.113635.100.6.1.12",
    "1.2.840.113635.100.6.1.2"
), issueDate='2025-07-05 07:36:55 +0000''>', entitlements='(null)', teamID='C9X2WT7AA5', identifier='dev.hermesengine.iphoneos', executablePath='<DVTFilePath:0xaeab9fb40:'/Users/vishyn369/Library/Developer/Xcode/Archives/2026-01-02/PhotoLynk 02.01.2026, 17.09.xcarchive/Products/Applications/PhotoLynk.app/Frameworks/hermes.framework/hermes'>', hardenedRuntime='0'>'> are: {
}
2026-01-02 15:28:30 +0000  Writing entitlements for <IDEDistributionItem: 0xaeb334cc0; bundleID='dev.hermesengine.iphoneos', path='<DVTFilePath:0xae0dc9490:'/Users/vishyn369/Library/Developer/Xcode/Archives/2026-01-02/PhotoLynk 02.01.2026, 17.09.xcarchive/Products/Applications/PhotoLynk.app/Frameworks/hermes.framework'>', codeSigningInfo='<_DVTCodeSigningInformation_Path: 0xaeb334960; isSigned='1', isAdHocSigned='0', signingCertificate='<DVTSigningCertificate: 0xabe0ade00; name='Apple Development: Viktor Pavlyshyn (A2492JDBF6)', hash='1E701C24A0718C3FF4A5C44C85DB963543C267D2', serialNumber='742692D903CEF0449D46A237DD58B90E', certificateKinds='(
    "1.2.840.113635.100.6.1.12",
    "1.2.840.113635.100.6.1.2"
), issueDate='2025-07-05 07:36:55 +0000''>', entitlements='(null)', teamID='C9X2WT7AA5', identifier='dev.hermesengine.iphoneos', executablePath='<DVTFilePath:0xaeab9fb40:'/Users/vishyn369/Library/Developer/Xcode/Archives/2026-01-02/PhotoLynk 02.01.2026, 17.09.xcarchive/Products/Applications/PhotoLynk.app/Frameworks/hermes.framework/hermes'>', hardenedRuntime='0'>'> to: /var/folders/4p/1y935pl170xdkdgl_5ytmwp40000gn/T/XcodeDistPipeline.~~~6vUBCt/entitlements~~~qKAYWN
2026-01-02 15:28:30 +0000  invoking codesign: <NSConcreteTask: 0xabe176f30; launchPath='/usr/bin/codesign', arguments='(
    "-f",
    "-s",
    1E701C24A0718C3FF4A5C44C85DB963543C267D2,
    "--entitlements",
    "/var/folders/4p/1y935pl170xdkdgl_5ytmwp40000gn/T/XcodeDistPipeline.~~~6vUBCt/entitlements~~~qKAYWN",
    "--preserve-metadata=identifier,flags,runtime,launch-constraints,library-constraints",
    "--generate-entitlement-der",
    "--strip-disallowed-xattrs",
    "-vvv",
    "/var/folders/4p/1y935pl170xdkdgl_5ytmwp40000gn/T/XcodeDistPipeline.~~~6vUBCt/Root/Payload/PhotoLynk.app/Frameworks/hermes.framework"
)'>
2026-01-02 15:28:30 +0000  codesign output: /var/folders/4p/1y935pl170xdkdgl_5ytmwp40000gn/T/XcodeDistPipeline.~~~6vUBCt/Root/Payload/PhotoLynk.app/Frameworks/hermes.framework: replacing existing signature
/var/folders/4p/1y935pl170xdkdgl_5ytmwp40000gn/T/XcodeDistPipeline.~~~6vUBCt/Root/Payload/PhotoLynk.app/Frameworks/hermes.framework: signed bundle with Mach-O thin (arm64) [dev.hermesengine.iphoneos]
2026-01-02 15:28:30 +0000  Entitlements for <IDEDistributionItem: 0xaeb334660; bundleID='com.photosync.app', path='<DVTFilePath:0xaeab9d560:'/Users/vishyn369/Library/Developer/Xcode/Archives/2026-01-02/PhotoLynk 02.01.2026, 17.09.xcarchive/Products/Applications/PhotoLynk.app'>', codeSigningInfo='<_DVTCodeSigningInformation_Path: 0xaeb3343c0; isSigned='1', isAdHocSigned='0', signingCertificate='<DVTSigningCertificate: 0xabe0ae340; name='Apple Development: Viktor Pavlyshyn (A2492JDBF6)', hash='1E701C24A0718C3FF4A5C44C85DB963543C267D2', serialNumber='742692D903CEF0449D46A237DD58B90E', certificateKinds='(
    "1.2.840.113635.100.6.1.12",
    "1.2.840.113635.100.6.1.2"
), issueDate='2025-07-05 07:36:55 +0000''>', entitlements='{
    "application-identifier" = "C9X2WT7AA5.com.photosync.app";
    "com.apple.developer.team-identifier" = C9X2WT7AA5;
    "get-task-allow" = 1;
}', teamID='C9X2WT7AA5', identifier='com.photosync.app', executablePath='<DVTFilePath:0xaeab9ff60:'/Users/vishyn369/Library/Developer/Xcode/Archives/2026-01-02/PhotoLynk 02.01.2026, 17.09.xcarchive/Products/Applications/PhotoLynk.app/PhotoLynk'>', hardenedRuntime='0'>'>: {
    "application-identifier" = "C9X2WT7AA5.com.photosync.app";
    "com.apple.developer.team-identifier" = C9X2WT7AA5;
    "get-task-allow" = 1;
}
2026-01-02 15:28:30 +0000  Associated App Clip Identifiers Filter: Skipping because "com.apple.developer.associated-appclip-app-identifiers" is not present
2026-01-02 15:28:30 +0000  Entitlements for <IDEDistributionItem: 0xaeb334660; bundleID='com.photosync.app', path='<DVTFilePath:0xaeab9d560:'/Users/vishyn369/Library/Developer/Xcode/Archives/2026-01-02/PhotoLynk 02.01.2026, 17.09.xcarchive/Products/Applications/PhotoLynk.app'>', codeSigningInfo='<_DVTCodeSigningInformation_Path: 0xaeb3343c0; isSigned='1', isAdHocSigned='0', signingCertificate='<DVTSigningCertificate: 0xabe0ade00; name='Apple Development: Viktor Pavlyshyn (A2492JDBF6)', hash='1E701C24A0718C3FF4A5C44C85DB963543C267D2', serialNumber='742692D903CEF0449D46A237DD58B90E', certificateKinds='(
    "1.2.840.113635.100.6.1.12",
    "1.2.840.113635.100.6.1.2"
), issueDate='2025-07-05 07:36:55 +0000''>', entitlements='{
    "application-identifier" = "C9X2WT7AA5.com.photosync.app";
    "com.apple.developer.team-identifier" = C9X2WT7AA5;
    "get-task-allow" = 1;
}', teamID='C9X2WT7AA5', identifier='com.photosync.app', executablePath='<DVTFilePath:0xaeab9ff60:'/Users/vishyn369/Library/Developer/Xcode/Archives/2026-01-02/PhotoLynk 02.01.2026, 17.09.xcarchive/Products/Applications/PhotoLynk.app/PhotoLynk'>', hardenedRuntime='0'>'> are: {
    "application-identifier" = "C9X2WT7AA5.com.photosync.app";
    "com.apple.developer.team-identifier" = C9X2WT7AA5;
    "get-task-allow" = 1;
}
2026-01-02 15:28:30 +0000  Writing entitlements for <IDEDistributionItem: 0xaeb334660; bundleID='com.photosync.app', path='<DVTFilePath:0xaeab9d560:'/Users/vishyn369/Library/Developer/Xcode/Archives/2026-01-02/PhotoLynk 02.01.2026, 17.09.xcarchive/Products/Applications/PhotoLynk.app'>', codeSigningInfo='<_DVTCodeSigningInformation_Path: 0xaeb3343c0; isSigned='1', isAdHocSigned='0', signingCertificate='<DVTSigningCertificate: 0xabe0ade00; name='Apple Development: Viktor Pavlyshyn (A2492JDBF6)', hash='1E701C24A0718C3FF4A5C44C85DB963543C267D2', serialNumber='742692D903CEF0449D46A237DD58B90E', certificateKinds='(
    "1.2.840.113635.100.6.1.12",
    "1.2.840.113635.100.6.1.2"
), issueDate='2025-07-05 07:36:55 +0000''>', entitlements='{
    "application-identifier" = "C9X2WT7AA5.com.photosync.app";
    "com.apple.developer.team-identifier" = C9X2WT7AA5;
    "get-task-allow" = 1;
}', teamID='C9X2WT7AA5', identifier='com.photosync.app', executablePath='<DVTFilePath:0xaeab9ff60:'/Users/vishyn369/Library/Developer/Xcode/Archives/2026-01-02/PhotoLynk 02.01.2026, 17.09.xcarchive/Products/Applications/PhotoLynk.app/PhotoLynk'>', hardenedRuntime='0'>'> to: /var/folders/4p/1y935pl170xdkdgl_5ytmwp40000gn/T/XcodeDistPipeline.~~~6vUBCt/entitlements~~~Jzu4JN
2026-01-02 15:28:30 +0000  invoking codesign: <NSConcreteTask: 0xabe176f30; launchPath='/usr/bin/codesign', arguments='(
    "-f",
    "-s",
    1E701C24A0718C3FF4A5C44C85DB963543C267D2,
    "--entitlements",
    "/var/folders/4p/1y935pl170xdkdgl_5ytmwp40000gn/T/XcodeDistPipeline.~~~6vUBCt/entitlements~~~Jzu4JN",
    "--preserve-metadata=identifier,flags,runtime,launch-constraints,library-constraints",
    "--generate-entitlement-der",
    "--strip-disallowed-xattrs",
    "-vvv",
    "/var/folders/4p/1y935pl170xdkdgl_5ytmwp40000gn/T/XcodeDistPipeline.~~~6vUBCt/Root/Payload/PhotoLynk.app"
)'>
2026-01-02 15:28:30 +0000  codesign output: /var/folders/4p/1y935pl170xdkdgl_5ytmwp40000gn/T/XcodeDistPipeline.~~~6vUBCt/Root/Payload/PhotoLynk.app: replacing existing signature
/var/folders/4p/1y935pl170xdkdgl_5ytmwp40000gn/T/XcodeDistPipeline.~~~6vUBCt/Root/Payload/PhotoLynk.app: signed app bundle with Mach-O thin (arm64) [com.photosync.app]
2026-01-02 15:28:30 +0000  Processing step: IDEDistributionZipODRItemStep
2026-01-02 15:28:30 +0000  Skipping step: IDEDistributionZipODRItemStep because it said so
2026-01-02 15:28:30 +0000  Skipping step: IDEDistributionZipODRItemStep because it said so
2026-01-02 15:28:30 +0000  Processing step: IDEDistributionCreateIPAStep
2026-01-02 15:28:30 +0000  Running /usr/bin/ditto '-V' '-c' '-k' '--norsrc' '/var/folders/4p/1y935pl170xdkdgl_5ytmwp40000gn/T/XcodeDistPipeline.~~~6vUBCt/Root' '/var/folders/4p/1y935pl170xdkdgl_5ytmwp40000gn/T/XcodeDistPipeline.~~~6vUBCt/Packages/PhotoLynk.ipa'
2026-01-02 15:28:30 +0000  >>> Copying /var/folders/4p/1y935pl170xdkdgl_5ytmwp40000gn/T/XcodeDistPipeline.~~~6vUBCt/Root 
2026-01-02 15:28:30 +0000  copying file ./Payload/PhotoLynk.app/_CodeSignature/CodeResources ... 
2026-01-02 15:28:30 +0000  20533 bytes for ./Payload/PhotoLynk.app/_CodeSignature/CodeResources
2026-01-02 15:28:30 +0000  copying file ./Payload/PhotoLynk.app/SplashScreen.storyboardc/EXPO-VIEWCONTROLLER-1-view-EXPO-ContainerView.nib ... 
2193 bytes for ./Payload/PhotoLynk.app/SplashScreen.storyboardc/EXPO-VIEWCONTROLLER-1-view-EXPO-ContainerView.nib
copying file ./Payload/PhotoLynk.app/SplashScreen.storyboardc/SplashScreenViewController.nib ... 
2026-01-02 15:28:30 +0000  1004 bytes for ./Payload/PhotoLynk.app/SplashScreen.storyboardc/SplashScreenViewController.nib
copying file ./Payload/PhotoLynk.app/SplashScreen.storyboardc/Info.plist ... 
2026-01-02 15:28:30 +0000  225 bytes for ./Payload/PhotoLynk.app/SplashScreen.storyboardc/Info.plist
2026-01-02 15:28:30 +0000  copying file ./Payload/PhotoLynk.app/glog_privacy.bundle/Info.plist ... 
2026-01-02 15:28:30 +0000  768 bytes for ./Payload/PhotoLynk.app/glog_privacy.bundle/Info.plist
copying file ./Payload/PhotoLynk.app/AppIcon60x60@2x.png ... 
2026-01-02 15:28:30 +0000  23734 bytes for ./Payload/PhotoLynk.app/AppIcon60x60@2x.png
2026-01-02 15:28:30 +0000  copying file ./Payload/PhotoLynk.app/ExpoConstants_privacy.bundle/PrivacyInfo.xcprivacy ... 
607 bytes for ./Payload/PhotoLynk.app/ExpoConstants_privacy.bundle/PrivacyInfo.xcprivacy
copying file ./Payload/PhotoLynk.app/ExpoConstants_privacy.bundle/Info.plist ... 
2026-01-02 15:28:30 +0000  789 bytes for ./Payload/PhotoLynk.app/ExpoConstants_privacy.bundle/Info.plist
2026-01-02 15:28:30 +0000  copying file ./Payload/PhotoLynk.app/React-cxxreact_privacy.bundle/PrivacyInfo.xcprivacy ... 
2026-01-02 15:28:30 +0000  552 bytes for ./Payload/PhotoLynk.app/React-cxxreact_privacy.bundle/PrivacyInfo.xcprivacy
2026-01-02 15:28:30 +0000  copying file ./Payload/PhotoLynk.app/React-cxxreact_privacy.bundle/Info.plist ... 
2026-01-02 15:28:30 +0000  791 bytes for ./Payload/PhotoLynk.app/React-cxxreact_privacy.bundle/Info.plist
2026-01-02 15:28:30 +0000  copying file ./Payload/PhotoLynk.app/RevenueCat.bundle/PrivacyInfo.xcprivacy ... 
2026-01-02 15:28:30 +0000  945 bytes for ./Payload/PhotoLynk.app/RevenueCat.bundle/PrivacyInfo.xcprivacy
2026-01-02 15:28:30 +0000  copying file ./Payload/PhotoLynk.app/RevenueCat.bundle/Info.plist ... 
2026-01-02 15:28:30 +0000  765 bytes for ./Payload/PhotoLynk.app/RevenueCat.bundle/Info.plist
2026-01-02 15:28:30 +0000  copying file ./Payload/PhotoLynk.app/ExpoApplication_privacy.bundle/PrivacyInfo.xcprivacy ... 
2026-01-02 15:28:30 +0000  608 bytes for ./Payload/PhotoLynk.app/ExpoApplication_privacy.bundle/PrivacyInfo.xcprivacy
2026-01-02 15:28:30 +0000  copying file ./Payload/PhotoLynk.app/ExpoApplication_privacy.bundle/Info.plist ... 
2026-01-02 15:28:30 +0000  792 bytes for ./Payload/PhotoLynk.app/ExpoApplication_privacy.bundle/Info.plist
2026-01-02 15:28:30 +0000  copying file ./Payload/PhotoLynk.app/RCT-Folly_privacy.bundle/Info.plist ... 
2026-01-02 15:28:30 +0000  785 bytes for ./Payload/PhotoLynk.app/RCT-Folly_privacy.bundle/Info.plist
2026-01-02 15:28:30 +0000  copying file ./Payload/PhotoLynk.app/Assets.car ... 
2026-01-02 15:28:30 +0000  1160904 bytes for ./Payload/PhotoLynk.app/Assets.car
2026-01-02 15:28:30 +0000  copying file ./Payload/PhotoLynk.app/AppIcon76x76@2x~ipad.png ... 
2026-01-02 15:28:30 +0000  35960 bytes for ./Payload/PhotoLynk.app/AppIcon76x76@2x~ipad.png
2026-01-02 15:28:30 +0000  copying file ./Payload/PhotoLynk.app/main.jsbundle ... 
2026-01-02 15:28:30 +0000  3680803 bytes for ./Payload/PhotoLynk.app/main.jsbundle
2026-01-02 15:28:30 +0000  copying file ./Payload/PhotoLynk.app/EXConstants.bundle/app.config ... 
2490 bytes for ./Payload/PhotoLynk.app/EXConstants.bundle/app.config
copying file ./Payload/PhotoLynk.app/EXConstants.bundle/Info.plist ... 
2026-01-02 15:28:30 +0000  767 bytes for ./Payload/PhotoLynk.app/EXConstants.bundle/Info.plist
2026-01-02 15:28:30 +0000  copying file ./Payload/PhotoLynk.app/SDWebImage.bundle/PrivacyInfo.xcprivacy ... 
2026-01-02 15:28:30 +0000  599 bytes for ./Payload/PhotoLynk.app/SDWebImage.bundle/PrivacyInfo.xcprivacy
2026-01-02 15:28:30 +0000  copying file ./Payload/PhotoLynk.app/SDWebImage.bundle/Info.plist ... 
2026-01-02 15:28:30 +0000  764 bytes for ./Payload/PhotoLynk.app/SDWebImage.bundle/Info.plist
2026-01-02 15:28:30 +0000  copying file ./Payload/PhotoLynk.app/ExpoTaskManager_privacy.bundle/PrivacyInfo.xcprivacy ... 
2026-01-02 15:28:30 +0000  607 bytes for ./Payload/PhotoLynk.app/ExpoTaskManager_privacy.bundle/PrivacyInfo.xcprivacy
copying file ./Payload/PhotoLynk.app/ExpoTaskManager_privacy.bundle/Info.plist ... 
2026-01-02 15:28:30 +0000  793 bytes for ./Payload/PhotoLynk.app/ExpoTaskManager_privacy.bundle/Info.plist
copying file ./Payload/PhotoLynk.app/ExpoDevice_privacy.bundle/PrivacyInfo.xcprivacy ... 
2026-01-02 15:28:30 +0000  609 bytes for ./Payload/PhotoLynk.app/ExpoDevice_privacy.bundle/PrivacyInfo.xcprivacy
copying file ./Payload/PhotoLynk.app/ExpoDevice_privacy.bundle/Info.plist ... 
782 bytes for ./Payload/PhotoLynk.app/ExpoDevice_privacy.bundle/Info.plist
2026-01-02 15:28:30 +0000  copying file ./Payload/PhotoLynk.app/PrivacyInfo.xcprivacy ... 
1283 bytes for ./Payload/PhotoLynk.app/PrivacyInfo.xcprivacy
2026-01-02 15:28:30 +0000  copying file ./Payload/PhotoLynk.app/ExpoMediaLibrary_privacy.bundle/PrivacyInfo.xcprivacy ... 
2026-01-02 15:28:30 +0000  608 bytes for ./Payload/PhotoLynk.app/ExpoMediaLibrary_privacy.bundle/PrivacyInfo.xcprivacy
copying file ./Payload/PhotoLynk.app/ExpoMediaLibrary_privacy.bundle/Info.plist ... 
2026-01-02 15:28:30 +0000  795 bytes for ./Payload/PhotoLynk.app/ExpoMediaLibrary_privacy.bundle/Info.plist
2026-01-02 15:28:30 +0000  copying file ./Payload/PhotoLynk.app/ExpoFileSystem_privacy.bundle/PrivacyInfo.xcprivacy ... 
2026-01-02 15:28:30 +0000  877 bytes for ./Payload/PhotoLynk.app/ExpoFileSystem_privacy.bundle/PrivacyInfo.xcprivacy
copying file ./Payload/PhotoLynk.app/ExpoFileSystem_privacy.bundle/Info.plist ... 
2026-01-02 15:28:30 +0000  792 bytes for ./Payload/PhotoLynk.app/ExpoFileSystem_privacy.bundle/Info.plist
2026-01-02 15:28:30 +0000  copying file ./Payload/PhotoLynk.app/boost_privacy.bundle/Info.plist ... 
2026-01-02 15:28:30 +0000  771 bytes for ./Payload/PhotoLynk.app/boost_privacy.bundle/Info.plist
2026-01-02 15:28:30 +0000  copying file ./Payload/PhotoLynk.app/PurchasesHybridCommon.bundle/PrivacyInfo.xcprivacy ... 
2026-01-02 15:28:30 +0000  551 bytes for ./Payload/PhotoLynk.app/PurchasesHybridCommon.bundle/PrivacyInfo.xcprivacy
copying file ./Payload/PhotoLynk.app/PurchasesHybridCommon.bundle/Info.plist ... 
2026-01-02 15:28:30 +0000  790 bytes for ./Payload/PhotoLynk.app/PurchasesHybridCommon.bundle/Info.plist
2026-01-02 15:28:30 +0000  copying file ./Payload/PhotoLynk.app/Frameworks/hermes.framework/_CodeSignature/CodeResources ... 
2026-01-02 15:28:30 +0000  1798 bytes for ./Payload/PhotoLynk.app/Frameworks/hermes.framework/_CodeSignature/CodeResources
2026-01-02 15:28:30 +0000  copying file ./Payload/PhotoLynk.app/Frameworks/hermes.framework/hermes ... 
2026-01-02 15:28:30 +0000  4590144 bytes for ./Payload/PhotoLynk.app/Frameworks/hermes.framework/hermes
2026-01-02 15:28:30 +0000  copying file ./Payload/PhotoLynk.app/Frameworks/hermes.framework/Info.plist ... 
2026-01-02 15:28:30 +0000  859 bytes for ./Payload/PhotoLynk.app/Frameworks/hermes.framework/Info.plist
2026-01-02 15:28:30 +0000  copying file ./Payload/PhotoLynk.app/embedded.mobileprovision ... 
2026-01-02 15:28:30 +0000  12499 bytes for ./Payload/PhotoLynk.app/embedded.mobileprovision
2026-01-02 15:28:30 +0000  copying file ./Payload/PhotoLynk.app/ReactNativeBlobUtilPrivacyInfo.bundle/PrivacyInfo.xcprivacy ... 
753 bytes for ./Payload/PhotoLynk.app/ReactNativeBlobUtilPrivacyInfo.bundle/PrivacyInfo.xcprivacy
2026-01-02 15:28:30 +0000  copying file ./Payload/PhotoLynk.app/ReactNativeBlobUtilPrivacyInfo.bundle/Info.plist ... 
2026-01-02 15:28:30 +0000  807 bytes for ./Payload/PhotoLynk.app/ReactNativeBlobUtilPrivacyInfo.bundle/Info.plist
2026-01-02 15:28:30 +0000  copying file ./Payload/PhotoLynk.app/assets/node_modules/@expo/vector-icons/build/vendor/react-native-vector-icons/Fonts/Fontisto.ttf ... 
2026-01-02 15:28:30 +0000  313528 bytes for ./Payload/PhotoLynk.app/assets/node_modules/@expo/vector-icons/build/vendor/react-native-vector-icons/Fonts/Fontisto.ttf
copying file ./Payload/PhotoLynk.app/assets/node_modules/@expo/vector-icons/build/vendor/react-native-vector-icons/Fonts/Octicons.ttf ... 
2026-01-02 15:28:30 +0000  49404 bytes for ./Payload/PhotoLynk.app/assets/node_modules/@expo/vector-icons/build/vendor/react-native-vector-icons/Fonts/Octicons.ttf
2026-01-02 15:28:30 +0000  copying file ./Payload/PhotoLynk.app/assets/node_modules/@expo/vector-icons/build/vendor/react-native-vector-icons/Fonts/Feather.ttf ... 
2026-01-02 15:28:30 +0000  56228 bytes for ./Payload/PhotoLynk.app/assets/node_modules/@expo/vector-icons/build/vendor/react-native-vector-icons/Fonts/Feather.ttf
2026-01-02 15:28:30 +0000  copying file ./Payload/PhotoLynk.app/assets/node_modules/@expo/vector-icons/build/vendor/react-native-vector-icons/Fonts/FontAwesome6_Regular.ttf ... 
2026-01-02 15:28:30 +0000  67976 bytes for ./Payload/PhotoLynk.app/assets/node_modules/@expo/vector-icons/build/vendor/react-native-vector-icons/Fonts/FontAwesome6_Regular.ttf
2026-01-02 15:28:30 +0000  copying file ./Payload/PhotoLynk.app/assets/node_modules/@expo/vector-icons/build/vendor/react-native-vector-icons/Fonts/Entypo.ttf ... 
2026-01-02 15:28:30 +0000  66200 bytes for ./Payload/PhotoLynk.app/assets/node_modules/@expo/vector-icons/build/vendor/react-native-vector-icons/Fonts/Entypo.ttf
2026-01-02 15:28:30 +0000  copying file ./Payload/PhotoLynk.app/assets/node_modules/@expo/vector-icons/build/vendor/react-native-vector-icons/Fonts/FontAwesome5_Brands.ttf ... 
2026-01-02 15:28:30 +0000  134040 bytes for ./Payload/PhotoLynk.app/assets/node_modules/@expo/vector-icons/build/vendor/react-native-vector-icons/Fonts/FontAwesome5_Brands.ttf
2026-01-02 15:28:30 +0000  copying file ./Payload/PhotoLynk.app/assets/node_modules/@expo/vector-icons/build/vendor/react-native-vector-icons/Fonts/MaterialCommunityIcons.ttf ... 
2026-01-02 15:28:30 +0000  1147844 bytes for ./Payload/PhotoLynk.app/assets/node_modules/@expo/vector-icons/build/vendor/react-native-vector-icons/Fonts/MaterialCommunityIcons.ttf
2026-01-02 15:28:30 +0000  copying file ./Payload/PhotoLynk.app/assets/node_modules/@expo/vector-icons/build/vendor/react-native-vector-icons/Fonts/AntDesign.ttf ... 
2026-01-02 15:28:30 +0000  70344 bytes for ./Payload/PhotoLynk.app/assets/node_modules/@expo/vector-icons/build/vendor/react-native-vector-icons/Fonts/AntDesign.ttf
2026-01-02 15:28:30 +0000  copying file ./Payload/PhotoLynk.app/assets/node_modules/@expo/vector-icons/build/vendor/react-native-vector-icons/Fonts/Foundation.ttf ... 
2026-01-02 15:28:30 +0000  56976 bytes for ./Payload/PhotoLynk.app/assets/node_modules/@expo/vector-icons/build/vendor/react-native-vector-icons/Fonts/Foundation.ttf
2026-01-02 15:28:30 +0000  copying file ./Payload/PhotoLynk.app/assets/node_modules/@expo/vector-icons/build/vendor/react-native-vector-icons/Fonts/Ionicons.ttf ... 
2026-01-02 15:28:30 +0000  442604 bytes for ./Payload/PhotoLynk.app/assets/node_modules/@expo/vector-icons/build/vendor/react-native-vector-icons/Fonts/Ionicons.ttf
2026-01-02 15:28:30 +0000  copying file ./Payload/PhotoLynk.app/assets/node_modules/@expo/vector-icons/build/vendor/react-native-vector-icons/Fonts/FontAwesome5_Solid.ttf ... 
2026-01-02 15:28:30 +0000  202744 bytes for ./Payload/PhotoLynk.app/assets/node_modules/@expo/vector-icons/build/vendor/react-native-vector-icons/Fonts/FontAwesome5_Solid.ttf
2026-01-02 15:28:30 +0000  copying file ./Payload/PhotoLynk.app/assets/node_modules/@expo/vector-icons/build/vendor/react-native-vector-icons/Fonts/FontAwesome5_Regular.ttf ... 
2026-01-02 15:28:30 +0000  33736 bytes for ./Payload/PhotoLynk.app/assets/node_modules/@expo/vector-icons/build/vendor/react-native-vector-icons/Fonts/FontAwesome5_Regular.ttf
2026-01-02 15:28:30 +0000  copying file ./Payload/PhotoLynk.app/assets/node_modules/@expo/vector-icons/build/vendor/react-native-vector-icons/Fonts/FontAwesome.ttf ... 
2026-01-02 15:28:30 +0000  165548 bytes for ./Payload/PhotoLynk.app/assets/node_modules/@expo/vector-icons/build/vendor/react-native-vector-icons/Fonts/FontAwesome.ttf
2026-01-02 15:28:30 +0000  copying file ./Payload/PhotoLynk.app/assets/node_modules/@expo/vector-icons/build/vendor/react-native-vector-icons/Fonts/Zocial.ttf ... 
2026-01-02 15:28:30 +0000  25788 bytes for ./Payload/PhotoLynk.app/assets/node_modules/@expo/vector-icons/build/vendor/react-native-vector-icons/Fonts/Zocial.ttf
2026-01-02 15:28:30 +0000  copying file ./Payload/PhotoLynk.app/assets/node_modules/@expo/vector-icons/build/vendor/react-native-vector-icons/Fonts/EvilIcons.ttf ... 
2026-01-02 15:28:30 +0000  13456 bytes for ./Payload/PhotoLynk.app/assets/node_modules/@expo/vector-icons/build/vendor/react-native-vector-icons/Fonts/EvilIcons.ttf
copying file ./Payload/PhotoLynk.app/assets/node_modules/@expo/vector-icons/build/vendor/react-native-vector-icons/Fonts/FontAwesome6_Solid.ttf ... 
2026-01-02 15:28:30 +0000  423676 bytes for ./Payload/PhotoLynk.app/assets/node_modules/@expo/vector-icons/build/vendor/react-native-vector-icons/Fonts/FontAwesome6_Solid.ttf
2026-01-02 15:28:30 +0000  copying file ./Payload/PhotoLynk.app/assets/node_modules/@expo/vector-icons/build/vendor/react-native-vector-icons/Fonts/SimpleLineIcons.ttf ... 
2026-01-02 15:28:30 +0000  54056 bytes for ./Payload/PhotoLynk.app/assets/node_modules/@expo/vector-icons/build/vendor/react-native-vector-icons/Fonts/SimpleLineIcons.ttf
copying file ./Payload/PhotoLynk.app/assets/node_modules/@expo/vector-icons/build/vendor/react-native-vector-icons/Fonts/FontAwesome6_Brands.ttf ... 
2026-01-02 15:28:30 +0000  209376 bytes for ./Payload/PhotoLynk.app/assets/node_modules/@expo/vector-icons/build/vendor/react-native-vector-icons/Fonts/FontAwesome6_Brands.ttf
2026-01-02 15:28:30 +0000  copying file ./Payload/PhotoLynk.app/assets/node_modules/@expo/vector-icons/build/vendor/react-native-vector-icons/Fonts/MaterialIcons.ttf ... 
2026-01-02 15:28:30 +0000  356840 bytes for ./Payload/PhotoLynk.app/assets/node_modules/@expo/vector-icons/build/vendor/react-native-vector-icons/Fonts/MaterialIcons.ttf
2026-01-02 15:28:30 +0000  copying file ./Payload/PhotoLynk.app/assets/assets/splash-icon.png ... 
2026-01-02 15:28:31 +0000  695355 bytes for ./Payload/PhotoLynk.app/assets/assets/splash-icon.png
2026-01-02 15:28:31 +0000  copying file ./Payload/PhotoLynk.app/PhotoLynk ... 
2026-01-02 15:28:31 +0000  13181712 bytes for ./Payload/PhotoLynk.app/PhotoLynk
2026-01-02 15:28:31 +0000  copying file ./Payload/PhotoLynk.app/Info.plist ... 
2406 bytes for ./Payload/PhotoLynk.app/Info.plist
copying file ./Payload/PhotoLynk.app/Expo.plist ... 
132 bytes for ./Payload/PhotoLynk.app/Expo.plist
copying file ./Payload/PhotoLynk.app/PkgInfo ... 
8 bytes for ./Payload/PhotoLynk.app/PkgInfo
copying file ./Payload/PhotoLynk.app/React-Core_privacy.bundle/PrivacyInfo.xcprivacy ... 
768 bytes for ./Payload/PhotoLynk.app/React-Core_privacy.bundle/PrivacyInfo.xcprivacy
copying file ./Payload/PhotoLynk.app/React-Core_privacy.bundle/Info.plist ... 
2026-01-02 15:28:31 +0000  783 bytes for ./Payload/PhotoLynk.app/React-Core_privacy.bundle/Info.plist
2026-01-02 15:28:31 +0000  /usr/bin/ditto exited with 0
2026-01-02 15:28:31 +0000  Processing step: IDEDistributionAppStoreInformationStep
2026-01-02 15:28:31 +0000  Skipping step: IDEDistributionAppStoreInformationStep because it said so
2026-01-02 15:28:31 +0000  Processing step: IDEDistributionGenerateProcessedDistributionItems
2026-01-02 15:28:31 +0000  IDEDistributionItem init <DVTFilePath:0xae92f8fc0:'/var/folders/4p/1y935pl170xdkdgl_5ytmwp40000gn/T/XcodeDistPipeline.~~~6vUBCt/Root/Payload/PhotoLynk.app/Frameworks/hermes.framework'>
2026-01-02 15:28:31 +0000  IDEDistributionItem init <DVTFilePath:0xaeb50e8e0:'/var/folders/4p/1y935pl170xdkdgl_5ytmwp40000gn/T/XcodeDistPipeline.~~~6vUBCt/Root/Payload/PhotoLynk.app'>
2026-01-02 15:28:31 +0000  Processing step: IDEDistributionCreateManifestStep
